<?xml version="1.0" encoding="UTF-8"?>
<testsuite name="critz.githubrepotest.HTTPClientTester" tests="1" skipped="0" failures="0" errors="0" timestamp="2023-07-11T16:50:49" hostname="LAPTOP-8QUTBJNL" time="0.014">
  <properties/>
  <testcase name="get_InvalidURL_ShouldReturn500" classname="critz.githubrepotest.HTTPClientTester" time="0.014"/>
  <system-out><![CDATA[]]></system-out>
  <system-err><![CDATA[]]></system-err>
</testsuite>
