<?xml version="1.0" encoding="UTF-8"?>
<testsuite name="critz.githubrepotest.GitHubRepoTestAppTests" tests="0" skipped="0" failures="0" errors="0" timestamp="1970-01-01T00:00:00" hostname="LAPTOP-8QUTBJNL" time="0.0">
  <properties/>
  <system-out><![CDATA[19:11:08.233 [Test worker] DEBUG org.springframework.test.context.junit4.SpringJUnit4ClassRunner - SpringJUnit4ClassRunner constructor called with [class critz.githubrepotest.GitHubRepoTestAppTests]
19:11:08.241 [Test worker] DEBUG org.springframework.test.context.BootstrapUtils - Instantiating CacheAwareContextLoaderDelegate from class [org.springframework.test.context.cache.DefaultCacheAwareContextLoaderDelegate]
19:11:08.253 [Test worker] DEBUG org.springframework.test.context.BootstrapUtils - Instantiating BootstrapContext using constructor [public org.springframework.test.context.support.DefaultBootstrapContext(java.lang.Class,org.springframework.test.context.CacheAwareContextLoaderDelegate)]
19:11:08.277 [Test worker] DEBUG org.springframework.test.context.BootstrapUtils - Instantiating TestContextBootstrapper for test class [critz.githubrepotest.GitHubRepoTestAppTests] from class [org.springframework.boot.test.context.SpringBootTestContextBootstrapper]
19:11:08.298 [Test worker] INFO org.springframework.boot.test.context.SpringBootTestContextBootstrapper - Neither @ContextConfiguration nor @ContextHierarchy found for test class [critz.githubrepotest.GitHubRepoTestAppTests], using SpringBootContextLoader
19:11:08.305 [Test worker] DEBUG org.springframework.test.context.support.AbstractContextLoader - Did not detect default resource location for test class [critz.githubrepotest.GitHubRepoTestAppTests]: class path resource [critz/githubrepotest/GitHubRepoTestAppTests-context.xml] does not exist
19:11:08.306 [Test worker] DEBUG org.springframework.test.context.support.AbstractContextLoader - Did not detect default resource location for test class [critz.githubrepotest.GitHubRepoTestAppTests]: class path resource [critz/githubrepotest/GitHubRepoTestAppTestsContext.groovy] does not exist
19:11:08.306 [Test worker] INFO org.springframework.test.context.support.AbstractContextLoader - Could not detect default resource locations for test class [critz.githubrepotest.GitHubRepoTestAppTests]: no resource found for suffixes {-context.xml, Context.groovy}.
19:11:08.308 [Test worker] INFO org.springframework.test.context.support.AnnotationConfigContextLoaderUtils - Could not detect default configuration classes for test class [critz.githubrepotest.GitHubRepoTestAppTests]: GitHubRepoTestAppTests does not declare any static, non-private, non-final, nested classes annotated with @Configuration.
19:11:08.374 [Test worker] DEBUG org.springframework.test.context.support.ActiveProfilesUtils - Could not find an 'annotation declaring class' for annotation type [org.springframework.test.context.ActiveProfiles] and class [critz.githubrepotest.GitHubRepoTestAppTests]
19:11:08.390 [Test worker] DEBUG org.springframework.core.env.StandardEnvironment - Adding PropertySource 'systemProperties' with lowest search precedence
19:11:08.391 [Test worker] DEBUG org.springframework.core.env.StandardEnvironment - Adding PropertySource 'systemEnvironment' with lowest search precedence
19:11:08.392 [Test worker] DEBUG org.springframework.core.env.StandardEnvironment - Initialized StandardEnvironment with PropertySources [MapPropertySource@1073531230 {name='systemProperties', properties={java.runtime.name=OpenJDK Runtime Environment, sun.boot.library.path=C:\Users\Critz\.jdks\corretto-1.8.0_362\jre\bin, java.vm.version=25.362-b08, java.vm.vendor=Amazon.com Inc., java.vendor.url=https://aws.amazon.com/corretto/, path.separator=;, java.vm.name=OpenJDK 64-Bit Server VM, file.encoding.pkg=sun.io, user.script=, sun.java.launcher=SUN_STANDARD, user.country=PL, sun.os.patch.level=, java.vm.specification.name=Java Virtual Machine Specification, user.dir=C:\Users\Critz\Desktop\github-repo-test-app, java.runtime.version=1.8.0_362-b08, java.awt.graphicsenv=sun.awt.Win32GraphicsEnvironment, java.endorsed.dirs=C:\Users\Critz\.jdks\corretto-1.8.0_362\jre\lib\endorsed, os.arch=amd64, java.io.tmpdir=C:\Users\Critz\AppData\Local\Temp\, line.separator=
, java.vm.specification.vendor=Oracle Corporation, user.variant=, os.name=Windows 10, sun.jnu.encoding=Cp1250, java.library.path=C:\Users\Critz\.jdks\corretto-1.8.0_362\bin;C:\WINDOWS\Sun\Java\bin;C:\WINDOWS\system32;C:\WINDOWS;C:\Program Files (x86)\Common Files\Oracle\Java\javapath;C:\windows\system32;C:\windows;C:\windows\System32\Wbem;C:\windows\System32\WindowsPowerShell\v1.0\;C:\windows\System32\OpenSSH\;C:\Program Files (x86)\NVIDIA Corporation\PhysX\Common;C:\Program Files\NVIDIA Corporation\NVIDIA NvDLISR;C:\WINDOWS\system32;C:\WINDOWS;C:\WINDOWS\System32\Wbem;C:\WINDOWS\System32\WindowsPowerShell\v1.0\;C:\WINDOWS\System32\OpenSSH\;C:\Program Files\nodejs\;C:\Program Files\dotnet\;C:\Program Files\Git\cmd;C:\Program Files\WireGuard\;C:\Program Files\MySQL\MySQL Shell 8.0\bin\;C:\Users\Critz\AppData\Local\Microsoft\WindowsApps;;C:\Users\Critz\AppData\Local\Programs\Microsoft VS Code\bin;C:\Users\Critz\AppData\Roaming\npm;C:\Program Files\JetBrains\IntelliJ IDEA 2022.2\bin;;., java.specification.name=Java Platform API Specification, java.class.version=52.0, sun.management.compiler=HotSpot 64-Bit Tiered Compilers, os.version=10.0, user.home=C:\Users\Critz, user.timezone=Europe/Belgrade, java.awt.printerjob=sun.awt.windows.WPrinterJob, file.encoding=windows-1250, java.specification.version=1.8, java.class.path=C:\Users\Critz\Desktop\github-repo-test-app\build\classes\test;C:\Users\Critz\Desktop\github-repo-test-app\build\resources\test;C:\Users\Critz\Desktop\github-repo-test-app\build\classes\main;C:\Users\Critz\Desktop\github-repo-test-app\build\resources\main;C:\Users\Critz\.gradle\caches\modules-2\files-2.1\org.springframework.boot\spring-boot-starter-actuator\1.5.9.RELEASE\5fcdcdef573e55e5dba9b499e3f5582f6b3c3fbe\spring-boot-starter-actuator-1.5.9.RELEASE.jar;C:\Users\Critz\.gradle\caches\modules-2\files-2.1\org.springframework.boot\spring-boot-starter-web\1.5.9.RELEASE\bda9733d5e6ba6d1a97deead1738713dc0631b3e\spring-boot-starter-web-1.5.9.RELEASE.jar;C:\Users\Critz\.gradle\caches\modules-2\files-2.1\org.json\json\20230618\1ae16df7d556d02713e241086f878399e99260d6\json-20230618.jar;C:\Users\Critz\.gradle\caches\modules-2\files-2.1\org.springframework.boot\spring-boot-devtools\1.5.9.RELEASE\8908280f33c65ffa21789020e7a37d46a798d445\spring-boot-devtools-1.5.9.RELEASE.jar;C:\Users\Critz\.gradle\caches\modules-2\files-2.1\org.springframework.boot\spring-boot-starter-test\1.5.9.RELEASE\b5adf6fbf53be00b7ae52f657d564122edbe5156\spring-boot-starter-test-1.5.9.RELEASE.jar;C:\Users\Critz\.gradle\caches\modules-2\files-2.1\org.springframework.boot\spring-boot-starter\1.5.9.RELEASE\6bfb34db2715ee86c6e2337fa145650588b4b1b3\spring-boot-starter-1.5.9.RELEASE.jar;C:\Users\Critz\.gradle\caches\modules-2\files-2.1\org.springframework.boot\spring-boot-actuator\1.5.9.RELEASE\c4aaf71a1298c1bde690fcf75df39036745396c6\spring-boot-actuator-1.5.9.RELEASE.jar;C:\Users\Critz\.gradle\caches\modules-2\files-2.1\org.springframework.boot\spring-boot-starter-tomcat\1.5.9.RELEASE\4615056f8a2bcad03ba8cdf410419ee3d101c5bb\spring-boot-starter-tomcat-1.5.9.RELEASE.jar;C:\Users\Critz\.gradle\caches\modules-2\files-2.1\org.hibernate\hibernate-validator\5.3.6.Final\4c730be8bf55a8e9a61e79a2f2c079abf48b718\hibernate-validator-5.3.6.Final.jar;C:\Users\Critz\.gradle\caches\modules-2\files-2.1\com.fasterxml.jackson.core\jackson-databind\2.8.10\f7b83cb2bc4b88d53961e749e1ad32f49ef017b7\jackson-databind-2.8.10.jar;C:\Users\Critz\.gradle\caches\modules-2\files-2.1\org.springframework\spring-web\4.3.13.RELEASE\7cd084992d546165ede3e99bc31ee49c937f0ce7\spring-web-4.3.13.RELEASE.jar;C:\Users\Critz\.gradle\caches\modules-2\files-2.1\org.springframework\spring-webmvc\4.3.13.RELEASE\87a095c7a1d13fe433ae6712787238c1dbaa6919\spring-webmvc-4.3.13.RELEASE.jar;C:\Users\Critz\.gradle\caches\modules-2\files-2.1\org.springframework.boot\spring-boot\1.5.9.RELEASE\f472cdf948288796fb31e0bb03f6e7b022b763a0\spring-boot-1.5.9.RELEASE.jar;C:\Users\Critz\.gradle\caches\modules-2\files-2.1\org.springframework.boot\spring-boot-autoconfigure\1.5.9.RELEASE\88dd18bdaf317ae40971573a051fd47265f2ed39\spring-boot-autoconfigure-1.5.9.RELEASE.jar;C:\Users\Critz\.gradle\caches\modules-2\files-2.1\org.springframework.boot\spring-boot-test\1.5.9.RELEASE\7e604d56325f04a8b89a280e647746fc69e5a21f\spring-boot-test-1.5.9.RELEASE.jar;C:\Users\Critz\.gradle\caches\modules-2\files-2.1\org.springframework.boot\spring-boot-test-autoconfigure\1.5.9.RELEASE\b428495e25b0531b2a977f51c5d29011c817b8ee\spring-boot-test-autoconfigure-1.5.9.RELEASE.jar;C:\Users\Critz\.gradle\caches\modules-2\files-2.1\com.jayway.jsonpath\json-path\2.2.0\22290d17944bd239fabf5ac69005a60a7ecbbbcb\json-path-2.2.0.jar;C:\Users\Critz\.gradle\caches\modules-2\files-2.1\junit\junit\4.12\2973d150c0dc1fefe998f834810d68f278ea58ec\junit-4.12.jar;C:\Users\Critz\.gradle\caches\modules-2\files-2.1\org.assertj\assertj-core\2.6.0\b532c3fc4f66bcfee4989a3514f1cd56203a33ad\assertj-core-2.6.0.jar;C:\Users\Critz\.gradle\caches\modules-2\files-2.1\org.mockito\mockito-core\1.10.19\e8546f5bef4e061d8dd73895b4e8f40e3fe6effe\mockito-core-1.10.19.jar;C:\Users\Critz\.gradle\caches\modules-2\files-2.1\org.hamcrest\hamcrest-core\1.3\42a25dc3219429f0e5d060061f71acb49bf010a0\hamcrest-core-1.3.jar;C:\Users\Critz\.gradle\caches\modules-2\files-2.1\org.hamcrest\hamcrest-library\1.3\4785a3c21320980282f9f33d0d1264a69040538f\hamcrest-library-1.3.jar;C:\Users\Critz\.gradle\caches\modules-2\files-2.1\org.skyscreamer\jsonassert\1.4.0\9cdbb373a06f6513e51e8c545ee6a5e981463edb\jsonassert-1.4.0.jar;C:\Users\Critz\.gradle\caches\modules-2\files-2.1\org.springframework\spring-core\4.3.13.RELEASE\eea18d7f4d01f1baa1b6728b678b5a6fe23c61f6\spring-core-4.3.13.RELEASE.jar;C:\Users\Critz\.gradle\caches\modules-2\files-2.1\org.springframework\spring-test\4.3.13.RELEASE\f4ff71b0d628d37f334d4f1f197c1b8cea364d01\spring-test-4.3.13.RELEASE.jar;C:\Users\Critz\.gradle\caches\modules-2\files-2.1\org.springframework.boot\spring-boot-starter-logging\1.5.9.RELEASE\30fd62a1ce9639759d90d49608501082314c1628\spring-boot-starter-logging-1.5.9.RELEASE.jar;C:\Users\Critz\.gradle\caches\modules-2\files-2.1\org.yaml\snakeyaml\1.17\7a27ea250c5130b2922b86dea63cbb1cc10a660c\snakeyaml-1.17.jar;C:\Users\Critz\.gradle\caches\modules-2\files-2.1\org.springframework\spring-context\4.3.13.RELEASE\6ab1c189a13182fa3256f6bbc68fafdaf8f5a19e\spring-context-4.3.13.RELEASE.jar;C:\Users\Critz\.gradle\caches\modules-2\files-2.1\org.apache.tomcat.embed\tomcat-embed-core\8.5.23\79261793a47f507890ee08f749b9d81774e4f7f0\tomcat-embed-core-8.5.23.jar;C:\Users\Critz\.gradle\caches\modules-2\files-2.1\org.apache.tomcat.embed\tomcat-embed-el\8.5.23\98d979cde444dffa6d434c8377d0123b2dfa614c\tomcat-embed-el-8.5.23.jar;C:\Users\Critz\.gradle\caches\modules-2\files-2.1\org.apache.tomcat.embed\tomcat-embed-websocket\8.5.23\52f07abcae10dc7e1764304b0877def175c2c833\tomcat-embed-websocket-8.5.23.jar;C:\Users\Critz\.gradle\caches\modules-2\files-2.1\javax.validation\validation-api\1.1.0.Final\8613ae82954779d518631e05daa73a6a954817d5\validation-api-1.1.0.Final.jar;C:\Users\Critz\.gradle\caches\modules-2\files-2.1\org.jboss.logging\jboss-logging\3.3.1.Final\c46217ab74b532568c0ed31dc599db3048bd1b67\jboss-logging-3.3.1.Final.jar;C:\Users\Critz\.gradle\caches\modules-2\files-2.1\com.fasterxml\classmate\1.3.4\3d5f48f10bbe4eb7bd862f10c0583be2e0053c6\classmate-1.3.4.jar;C:\Users\Critz\.gradle\caches\modules-2\files-2.1\com.fasterxml.jackson.core\jackson-annotations\2.8.0\45b426f7796b741035581a176744d91090e2e6fb\jackson-annotations-2.8.0.jar;C:\Users\Critz\.gradle\caches\modules-2\files-2.1\com.fasterxml.jackson.core\jackson-core\2.8.10\eb21a035c66ad307e66ec8fce37f5d50fd62d039\jackson-core-2.8.10.jar;C:\Users\Critz\.gradle\caches\modules-2\files-2.1\org.springframework\spring-aop\4.3.13.RELEASE\61f427b55951f59b50f3c2bd0de3c48960e2a342\spring-aop-4.3.13.RELEASE.jar;C:\Users\Critz\.gradle\caches\modules-2\files-2.1\org.springframework\spring-beans\4.3.13.RELEASE\8613a7077722f1d97f8cb3fea4b0b40bfadf4496\spring-beans-4.3.13.RELEASE.jar;C:\Users\Critz\.gradle\caches\modules-2\files-2.1\org.springframework\spring-expression\4.3.13.RELEASE\da22bf7df1262e429b49653be6cd5b89b6affe5e\spring-expression-4.3.13.RELEASE.jar;C:\Users\Critz\.gradle\caches\modules-2\files-2.1\net.minidev\json-smart\2.2.1\5b9e5df7a62d1279b70dc882b041d249c4f0b002\json-smart-2.2.1.jar;C:\Users\Critz\.gradle\caches\modules-2\files-2.1\org.slf4j\slf4j-api\1.7.25\da76ca59f6a57ee3102f8f9bd9cee742973efa8a\slf4j-api-1.7.25.jar;C:\Users\Critz\.gradle\caches\modules-2\files-2.1\org.objenesis\objenesis\2.1\87c0ea803b69252868d09308b4618f766f135a96\objenesis-2.1.jar;C:\Users\Critz\.gradle\caches\modules-2\files-2.1\com.vaadin.external.google\android-json\0.0.20131108.vaadin1\fa26d351fe62a6a17f5cda1287c1c6110dec413f\android-json-0.0.20131108.vaadin1.jar;C:\Users\Critz\.gradle\caches\modules-2\files-2.1\ch.qos.logback\logback-classic\1.1.11\ccedfbacef4a6515d2983e3f89ed753d5d4fb665\logback-classic-1.1.11.jar;C:\Users\Critz\.gradle\caches\modules-2\files-2.1\org.slf4j\jcl-over-slf4j\1.7.25\f8c32b13ff142a513eeb5b6330b1588dcb2c0461\jcl-over-slf4j-1.7.25.jar;C:\Users\Critz\.gradle\caches\modules-2\files-2.1\org.slf4j\jul-to-slf4j\1.7.25\af5364cd6679bfffb114f0dec8a157aaa283b76\jul-to-slf4j-1.7.25.jar;C:\Users\Critz\.gradle\caches\modules-2\files-2.1\org.slf4j\log4j-over-slf4j\1.7.25\a87bb47468f47ee7aabbd54f93e133d4215769c3\log4j-over-slf4j-1.7.25.jar;C:\Users\Critz\.gradle\caches\modules-2\files-2.1\org.apache.tomcat\tomcat-annotations-api\8.5.23\aaf17df9fe0240e9e9d5375d24d5f177174b73d9\tomcat-annotations-api-8.5.23.jar;C:\Users\Critz\.gradle\caches\modules-2\files-2.1\net.minidev\accessors-smart\1.1\a527213f2fea112a04c9bdf0ec0264e34104cd08\accessors-smart-1.1.jar;C:\Users\Critz\.gradle\caches\modules-2\files-2.1\ch.qos.logback\logback-core\1.1.11\88b8df40340eed549fb07e2613879bf6b006704d\logback-core-1.1.11.jar;C:\Users\Critz\.gradle\caches\modules-2\files-2.1\org.ow2.asm\asm\5.0.3\dcc2193db20e19e1feca8b1240dbbc4e190824fa\asm-5.0.3.jar, user.name=Critz, java.vm.specification.version=1.8, sun.java.command=worker.org.gradle.process.internal.worker.GradleWorkerMain 'Gradle Test Executor 1', java.home=C:\Users\Critz\.jdks\corretto-1.8.0_362\jre, sun.arch.data.model=64, user.language=pl, java.specification.vendor=Oracle Corporation, awt.toolkit=sun.awt.windows.WToolkit, java.vm.info=mixed mode, java.version=1.8.0_362, java.ext.dirs=C:\Users\Critz\.jdks\corretto-1.8.0_362\jre\lib\ext;C:\WINDOWS\Sun\Java\lib\ext, sun.boot.class.path=C:\Users\Critz\.jdks\corretto-1.8.0_362\jre\lib\resources.jar;C:\Users\Critz\.jdks\corretto-1.8.0_362\jre\lib\rt.jar;C:\Users\Critz\.jdks\corretto-1.8.0_362\jre\lib\sunrsasign.jar;C:\Users\Critz\.jdks\corretto-1.8.0_362\jre\lib\jsse.jar;C:\Users\Critz\.jdks\corretto-1.8.0_362\jre\lib\jce.jar;C:\Users\Critz\.jdks\corretto-1.8.0_362\jre\lib\charsets.jar;C:\Users\Critz\.jdks\corretto-1.8.0_362\jre\lib\jfr.jar;C:\Users\Critz\.jdks\corretto-1.8.0_362\jre\classes, java.vendor=Amazon.com Inc., org.gradle.test.worker=1, java.specification.maintenance.version=4, file.separator=\, java.vendor.url.bug=https://github.com/corretto/corretto-8/issues/, sun.io.unicode.encoding=UnicodeLittle, sun.cpu.endian=little, sun.desktop=windows, sun.cpu.isalist=amd64}}, SystemEnvironmentPropertySource@594112203 {name='systemEnvironment', properties={USERDOMAIN_ROAMINGPROFILE=LAPTOP-8QUTBJNL, PROCESSOR_LEVEL=6, RegionCode=EMEA, SESSIONNAME=Console, ALLUSERSPROFILE=C:\ProgramData, PROCESSOR_ARCHITECTURE=AMD64, GATEWAY_VM_OPTIONS=C:\ja-netfilter-all\vmoptions\gateway.vmoptions, PSModulePath=C:\Program Files\WindowsPowerShell\Modules;C:\WINDOWS\system32\WindowsPowerShell\v1.0\Modules, SystemDrive=C:, RIDER_VM_OPTIONS=C:\ja-netfilter-all\vmoptions\rider.vmoptions, USERNAME=Critz, DEVECOSTUDIO_VM_OPTIONS=C:\ja-netfilter-all\vmoptions\devecostudio.vmoptions, STUDIO_VM_OPTIONS=C:\ja-netfilter-all\vmoptions\studio.vmoptions, ProgramFiles(x86)=C:\Program Files (x86), FPS_BROWSER_USER_PROFILE_STRING=Default, PATHEXT=.COM;.EXE;.BAT;.CMD;.VBS;.VBE;.JS;.JSE;.WSF;.WSH;.MSC, APPCODE_VM_OPTIONS=C:\ja-netfilter-all\vmoptions\appcode.vmoptions, DriverData=C:\Windows\System32\Drivers\DriverData, OneDriveConsumer=C:\Users\Critz\OneDrive, platformcode=KV, DATASPELL_VM_OPTIONS=C:\ja-netfilter-all\vmoptions\dataspell.vmoptions, ProgramData=C:\ProgramData, ProgramW6432=C:\Program Files, HOMEPATH=\Users\Critz, PROCESSOR_IDENTIFIER=Intel64 Family 6 Model 158 Stepping 10, GenuineIntel, ProgramFiles=C:\Program Files, PUBLIC=C:\Users\Public, windir=C:\WINDOWS, =::=::\, DATAGRIP_VM_OPTIONS=C:\ja-netfilter-all\vmoptions\datagrip.vmoptions, LOCALAPPDATA=C:\Users\Critz\AppData\Local, IntelliJ IDEA=C:\Program Files\JetBrains\IntelliJ IDEA 2022.2\bin;, USERDOMAIN=LAPTOP-8QUTBJNL, FPS_BROWSER_APP_PROFILE_STRING=Internet Explorer, LOGONSERVER=\\LAPTOP-8QUTBJNL, PYCHARM_VM_OPTIONS=C:\ja-netfilter-all\vmoptions\pycharm.vmoptions, WEBSTORM_VM_OPTIONS=C:\ja-netfilter-all\vmoptions\webstorm.vmoptions, JAVA_HOME=C:\Program Files\Java\jre1.8.0_281\bin, CLION_VM_OPTIONS=C:\ja-netfilter-all\vmoptions\clion.vmoptions, JETBRAINSCLIENT_VM_OPTIONS=C:\ja-netfilter-all\vmoptions\jetbrainsclient.vmoptions, GOLAND_VM_OPTIONS=C:\ja-netfilter-all\vmoptions\goland.vmoptions, OneDrive=C:\Users\Critz\OneDrive, APPDATA=C:\Users\Critz\AppData\Roaming, IDEA_VM_OPTIONS=C:\ja-netfilter-all\vmoptions\idea.vmoptions, RUBYMINE_VM_OPTIONS=C:\ja-netfilter-all\vmoptions\rubymine.vmoptions, JETBRAINS_CLIENT_VM_OPTIONS=C:\ja-netfilter-all\vmoptions\jetbrains_client.vmoptions, CommonProgramFiles=C:\Program Files\Common Files, Path=C:\Program Files (x86)\Common Files\Oracle\Java\javapath;C:\windows\system32;C:\windows;C:\windows\System32\Wbem;C:\windows\System32\WindowsPowerShell\v1.0\;C:\windows\System32\OpenSSH\;C:\Program Files (x86)\NVIDIA Corporation\PhysX\Common;C:\Program Files\NVIDIA Corporation\NVIDIA NvDLISR;C:\WINDOWS\system32;C:\WINDOWS;C:\WINDOWS\System32\Wbem;C:\WINDOWS\System32\WindowsPowerShell\v1.0\;C:\WINDOWS\System32\OpenSSH\;C:\Program Files\nodejs\;C:\Program Files\dotnet\;C:\Program Files\Git\cmd;C:\Program Files\WireGuard\;C:\Program Files\MySQL\MySQL Shell 8.0\bin\;C:\Users\Critz\AppData\Local\Microsoft\WindowsApps;;C:\Users\Critz\AppData\Local\Programs\Microsoft VS Code\bin;C:\Users\Critz\AppData\Roaming\npm;C:\Program Files\JetBrains\IntelliJ IDEA 2022.2\bin;, OS=Windows_NT, COMPUTERNAME=LAPTOP-8QUTBJNL, OnlineServices=Online Services, PROCESSOR_REVISION=9e0a, CommonProgramW6432=C:\Program Files\Common Files, ComSpec=C:\WINDOWS\system32\cmd.exe, SystemRoot=C:\WINDOWS, TEMP=C:\Users\Critz\AppData\Local\Temp, WEBIDE_VM_OPTIONS=C:\ja-netfilter-all\vmoptions\webide.vmoptions, HOMEDRIVE=C:, USERPROFILE=C:\Users\Critz, TMP=C:\Users\Critz\AppData\Local\Temp, CommonProgramFiles(x86)=C:\Program Files (x86)\Common Files, NUMBER_OF_PROCESSORS=12, PHPSTORM_VM_OPTIONS=C:\ja-netfilter-all\vmoptions\phpstorm.vmoptions, IDEA_INITIAL_DIRECTORY=C:\Program Files\JetBrains\IntelliJ IDEA 2022.2\bin}}]
19:11:08.413 [Test worker] DEBUG org.springframework.core.io.support.PathMatchingResourcePatternResolver - Resolved classpath location [critz/githubrepotest/] to resources [URL [file:/C:/Users/Critz/Desktop/github-repo-test-app/build/classes/test/critz/githubrepotest/], URL [file:/C:/Users/Critz/Desktop/github-repo-test-app/build/classes/main/critz/githubrepotest/]]
19:11:08.413 [Test worker] DEBUG org.springframework.core.io.support.PathMatchingResourcePatternResolver - Looking for matching resources in directory tree [C:\Users\Critz\Desktop\github-repo-test-app\build\classes\test\critz\githubrepotest]
19:11:08.414 [Test worker] DEBUG org.springframework.core.io.support.PathMatchingResourcePatternResolver - Searching directory [C:\Users\Critz\Desktop\github-repo-test-app\build\classes\test\critz\githubrepotest] for files matching pattern [C:/Users/Critz/Desktop/github-repo-test-app/build/classes/test/critz/githubrepotest/*.class]
19:11:08.421 [Test worker] DEBUG org.springframework.core.io.support.PathMatchingResourcePatternResolver - Looking for matching resources in directory tree [C:\Users\Critz\Desktop\github-repo-test-app\build\classes\main\critz\githubrepotest]
19:11:08.421 [Test worker] DEBUG org.springframework.core.io.support.PathMatchingResourcePatternResolver - Searching directory [C:\Users\Critz\Desktop\github-repo-test-app\build\classes\main\critz\githubrepotest] for files matching pattern [C:/Users/Critz/Desktop/github-repo-test-app/build/classes/main/critz/githubrepotest/*.class]
19:11:08.424 [Test worker] DEBUG org.springframework.core.io.support.PathMatchingResourcePatternResolver - Resolved location pattern [classpath*:critz/githubrepotest/*.class] to resources [file [C:\Users\Critz\Desktop\github-repo-test-app\build\classes\test\critz\githubrepotest\GitHubRepoTestAppTests.class], file [C:\Users\Critz\Desktop\github-repo-test-app\build\classes\test\critz\githubrepotest\GitHubServiceTest.class], file [C:\Users\Critz\Desktop\github-repo-test-app\build\classes\test\critz\githubrepotest\HttpClientTest.class], file [C:\Users\Critz\Desktop\github-repo-test-app\build\classes\main\critz\githubrepotest\GitHubRepoTestApp.class]]
19:11:08.501 [Test worker] DEBUG org.springframework.context.annotation.ClassPathScanningCandidateComponentProvider - Identified candidate component class: file [C:\Users\Critz\Desktop\github-repo-test-app\build\classes\main\critz\githubrepotest\GitHubRepoTestApp.class]
19:11:08.503 [Test worker] INFO org.springframework.boot.test.context.SpringBootTestContextBootstrapper - Found @SpringBootConfiguration critz.githubrepotest.GitHubRepoTestApp for test class critz.githubrepotest.GitHubRepoTestAppTests
19:11:08.512 [Test worker] DEBUG org.springframework.boot.test.context.SpringBootTestContextBootstrapper - @TestExecutionListeners is not present for class [critz.githubrepotest.GitHubRepoTestAppTests]: using defaults.
19:11:08.517 [Test worker] INFO org.springframework.boot.test.context.SpringBootTestContextBootstrapper - Loaded default TestExecutionListener class names from location [META-INF/spring.factories]: [org.springframework.boot.test.mock.mockito.MockitoTestExecutionListener, org.springframework.boot.test.mock.mockito.ResetMocksTestExecutionListener, org.springframework.boot.test.autoconfigure.restdocs.RestDocsTestExecutionListener, org.springframework.boot.test.autoconfigure.web.client.MockRestServiceServerResetTestExecutionListener, org.springframework.boot.test.autoconfigure.web.servlet.MockMvcPrintOnlyOnFailureTestExecutionListener, org.springframework.boot.test.autoconfigure.web.servlet.WebDriverTestExecutionListener, org.springframework.test.context.web.ServletTestExecutionListener, org.springframework.test.context.support.DirtiesContextBeforeModesTestExecutionListener, org.springframework.test.context.support.DependencyInjectionTestExecutionListener, org.springframework.test.context.support.DirtiesContextTestExecutionListener, org.springframework.test.context.transaction.TransactionalTestExecutionListener, org.springframework.test.context.jdbc.SqlScriptsTestExecutionListener]
19:11:08.541 [Test worker] INFO org.springframework.boot.test.context.SpringBootTestContextBootstrapper - Could not instantiate TestExecutionListener [org.springframework.test.context.jdbc.SqlScriptsTestExecutionListener]. Specify custom listener classes or make the default listener classes (and their required dependencies) available. Offending class: [org/springframework/transaction/interceptor/TransactionAttribute]
19:11:08.542 [Test worker] INFO org.springframework.boot.test.context.SpringBootTestContextBootstrapper - Could not instantiate TestExecutionListener [org.springframework.test.context.transaction.TransactionalTestExecutionListener]. Specify custom listener classes or make the default listener classes (and their required dependencies) available. Offending class: [org/springframework/transaction/interceptor/TransactionAttributeSource]
19:11:08.543 [Test worker] INFO org.springframework.boot.test.context.SpringBootTestContextBootstrapper - Using TestExecutionListeners: [org.springframework.test.context.web.ServletTestExecutionListener@25a20e85, org.springframework.test.context.support.DirtiesContextBeforeModesTestExecutionListener@143d2ea, org.springframework.boot.test.autoconfigure.SpringBootDependencyInjectionTestExecutionListener@17a95616, org.springframework.test.context.support.DirtiesContextTestExecutionListener@2868f372, org.springframework.boot.test.autoconfigure.web.servlet.MockMvcPrintOnlyOnFailureTestExecutionListener@1d8b16dc, org.springframework.boot.test.mock.mockito.ResetMocksTestExecutionListener@2405305, org.springframework.boot.test.autoconfigure.web.servlet.WebDriverTestExecutionListener@5f84bcbd, org.springframework.boot.test.autoconfigure.restdocs.RestDocsTestExecutionListener@3098275c, org.springframework.boot.test.mock.mockito.MockitoTestExecutionListener@7560fa65, org.springframework.boot.test.autoconfigure.web.client.MockRestServiceServerResetTestExecutionListener@753857b7]
19:11:08.558 [Test worker] DEBUG org.springframework.test.annotation.ProfileValueUtils - Retrieved @ProfileValueSourceConfiguration [null] for test class [critz.githubrepotest.GitHubRepoTestAppTests]
19:11:08.558 [Test worker] DEBUG org.springframework.test.annotation.ProfileValueUtils - Retrieved ProfileValueSource type [class org.springframework.test.annotation.SystemProfileValueSource] for class [critz.githubrepotest.GitHubRepoTestAppTests]
]]></system-out>
  <system-err><![CDATA[]]></system-err>
</testsuite>
