<?xml version="1.0" encoding="UTF-8"?>
<testsuite name="critz.githubrepotest.GithubRepoTestAppTests" tests="0" skipped="0" failures="0" errors="0" timestamp="1970-01-01T00:00:00" hostname="LAPTOP-8QUTBJNL" time="0.0">
  <properties/>
  <system-out><![CDATA[2023-07-10 15:55:20.091  INFO 10072 --- [    Test worker] .b.t.c.SpringBootTestContextBootstrapper : Neither @ContextConfiguration nor @ContextHierarchy found for test class [critz.githubrepotest.GithubRepoTestAppTests], using SpringBootContextLoader
2023-07-10 15:55:20.092  INFO 10072 --- [    Test worker] o.s.t.c.support.AbstractContextLoader    : Could not detect default resource locations for test class [critz.githubrepotest.GithubRepoTestAppTests]: no resource found for suffixes {-context.xml, Context.groovy}.
2023-07-10 15:55:20.092  INFO 10072 --- [    Test worker] t.c.s.AnnotationConfigContextLoaderUtils : Could not detect default configuration classes for test class [critz.githubrepotest.GithubRepoTestAppTests]: GithubRepoTestAppTests does not declare any static, non-private, non-final, nested classes annotated with @Configuration.
2023-07-10 15:55:20.095  INFO 10072 --- [    Test worker] .b.t.c.SpringBootTestContextBootstrapper : Found @SpringBootConfiguration critz.githubrepotest.GithubRepoTestApp for test class critz.githubrepotest.GithubRepoTestAppTests
2023-07-10 15:55:20.098  INFO 10072 --- [    Test worker] .b.t.c.SpringBootTestContextBootstrapper : Loaded default TestExecutionListener class names from location [META-INF/spring.factories]: [org.springframework.boot.test.mock.mockito.MockitoTestExecutionListener, org.springframework.boot.test.mock.mockito.ResetMocksTestExecutionListener, org.springframework.boot.test.autoconfigure.restdocs.RestDocsTestExecutionListener, org.springframework.boot.test.autoconfigure.web.client.MockRestServiceServerResetTestExecutionListener, org.springframework.boot.test.autoconfigure.web.servlet.MockMvcPrintOnlyOnFailureTestExecutionListener, org.springframework.boot.test.autoconfigure.web.servlet.WebDriverTestExecutionListener, org.springframework.test.context.web.ServletTestExecutionListener, org.springframework.test.context.support.DirtiesContextBeforeModesTestExecutionListener, org.springframework.test.context.support.DependencyInjectionTestExecutionListener, org.springframework.test.context.support.DirtiesContextTestExecutionListener, org.springframework.test.context.transaction.TransactionalTestExecutionListener, org.springframework.test.context.jdbc.SqlScriptsTestExecutionListener]
2023-07-10 15:55:20.100  INFO 10072 --- [    Test worker] .b.t.c.SpringBootTestContextBootstrapper : Could not instantiate TestExecutionListener [org.springframework.test.context.transaction.TransactionalTestExecutionListener]. Specify custom listener classes or make the default listener classes (and their required dependencies) available. Offending class: [org/springframework/transaction/interceptor/TransactionAttributeSource]
2023-07-10 15:55:20.101  INFO 10072 --- [    Test worker] .b.t.c.SpringBootTestContextBootstrapper : Could not instantiate TestExecutionListener [org.springframework.test.context.jdbc.SqlScriptsTestExecutionListener]. Specify custom listener classes or make the default listener classes (and their required dependencies) available. Offending class: [org/springframework/transaction/interceptor/TransactionAttribute]
2023-07-10 15:55:20.101  INFO 10072 --- [    Test worker] .b.t.c.SpringBootTestContextBootstrapper : Using TestExecutionListeners: [org.springframework.test.context.web.ServletTestExecutionListener@381c2f7c, org.springframework.test.context.support.DirtiesContextBeforeModesTestExecutionListener@7faa0b86, org.springframework.boot.test.autoconfigure.SpringBootDependencyInjectionTestExecutionListener@bbf674c, org.springframework.test.context.support.DirtiesContextTestExecutionListener@1295ce, org.springframework.boot.test.mock.mockito.MockitoTestExecutionListener@59ac3d7f, org.springframework.boot.test.autoconfigure.restdocs.RestDocsTestExecutionListener@76f5ebf7, org.springframework.boot.test.autoconfigure.web.servlet.MockMvcPrintOnlyOnFailureTestExecutionListener@6806762, org.springframework.boot.test.autoconfigure.web.servlet.WebDriverTestExecutionListener@12a82e99, org.springframework.boot.test.mock.mockito.ResetMocksTestExecutionListener@2a57ae76, org.springframework.boot.test.autoconfigure.web.client.MockRestServiceServerResetTestExecutionListener@73244298]
]]></system-out>
  <system-err><![CDATA[]]></system-err>
</testsuite>
